<?xml version="1.0" encoding="utf-8"?><testsuites name="pytest tests"><testsuite name="pytest" errors="0" failures="0" skipped="0" tests="444" time="7.493" timestamp="2026-08-04T10:30:33.475919-05:00" hostname="plaid-hat.local"><testcase classname="plaidcloud.utilities.tests.test_sqlalchemy_functions.TestImportCol" name="test_import_col_currency_empty_cell_is_zero" time="0.357" /><testcase classname="plaidcloud.utilities.tests.test_sqlalchemy_functions.TestImportCol" name="test_import_col_interval" time="0.001" /><testcase classname="plaidcloud.utilities.tests.test_sqlalchemy_functions.TestImportCol" name="test_import_col_numeric" time="0.001" /><testcase classname="plaidcloud.utilities.tests.test_sqlalchemy_functions.TestImportCol" name="test_import_col_numeric_trailing_negatives" time="0.001" /><testcase classname="plaidcloud.utilities.tests.test_sqlalchemy_functions.TestImportCol" name="test_import_col_text" time="0.001" /><testcase classname="plaidcloud.utilities.tests.test_sqlalchemy_functions.TestImportColDatabend" name="test_import_cast_currency" time="0.222" /><testcase classname="plaidcloud.utilities.tests.test_sqlalchemy_functions.TestImportColDatabend" name="test_import_cast_currency_trailing_negatives" time="0.001" /><testcase classname="plaidcloud.utilities.tests.test_sqlalchemy_functions.TestImportColDatabend" name="test_import_col_interval" time="0.001" /><testcase classname="plaidcloud.utilities.tests.test_sqlalchemy_functions.TestImportColDatabend" name="test_import_col_numeric" time="0.001" /><testcase classname="plaidcloud.utilities.tests.test_sqlalchemy_functions.TestImportColDatabend" name="test_import_col_numeric_trailing_negatives" time="0.001" /><testcase classname="plaidcloud.utilities.tests.test_sqlalchemy_functions.TestImportColDatabend" name="test_import_col_text" time="0.001" /><testcase classname="plaidcloud.utilities.tests.test_sqlalchemy_functions.TestImportColStarrocks" name="test_import_cast_currency" time="0.235" /><testcase classname="plaidcloud.utilities.tests.test_sqlalchemy_functions.TestImportColStarrocks" name="test_import_cast_currency_trailing_negatives" time="0.003" /><testcase classname="plaidcloud.utilities.tests.test_sqlalchemy_functions.TestImportColStarrocks" name="test_import_col_currency_empty_cell_is_zero" time="0.001" /><testcase classname="plaidcloud.utilities.tests.test_sqlalchemy_functions.TestImportColStarrocks" name="test_import_col_interval" time="0.001" /><testcase classname="plaidcloud.utilities.tests.test_sqlalchemy_functions.TestImportColStarrocks" name="test_import_col_numeric" time="0.001" /><testcase classname="plaidcloud.utilities.tests.test_sqlalchemy_functions.TestImportColStarrocks" name="test_import_col_numeric_trailing_negatives" time="0.001" /><testcase classname="plaidcloud.utilities.tests.test_sqlalchemy_functions.TestImportColStarrocks" name="test_import_col_text" time="0.001" /><testcase classname="plaidcloud.utilities.tests.test_sqlalchemy_functions.TestTypedStagingImportCol" name="test_flag_off_is_byte_identical_to_pre_switch_sql" time="4.685" /><testcase classname="plaidcloud.utilities.tests.test_sqlalchemy_functions.TestTypedStagingImportCol" name="test_flag_off_snowflake_trailing_negatives_numeric" time="0.002" /><testcase classname="plaidcloud.utilities.tests.test_sqlalchemy_functions.TestTypedStagingImportCol" name="test_flag_on_compiles_to_bare_column" time="0.021" /><testcase classname="plaidcloud.utilities.tests.test_sqlalchemy_functions.TestTypedStagingImportCol" name="test_flag_on_interval_keeps_projection_cast" time="0.003" /><testcase classname="plaidcloud.utilities.tests.test_sqlalchemy_functions.TestTypedStagingImportCol" name="test_flag_propagates_into_asyncio_to_thread" time="0.010" /><testcase classname="plaidcloud.utilities.tests.test_sqlalchemy_functions.TestTypedStagingImportCol" name="test_pickled_import_data_query_compiles_passthrough" time="0.007" /><testcase classname="plaidcloud.utilities.tests.test_sqlalchemy_functions.TestTypedStagingImportCol" name="test_registry_construction_honours_flag_in_fresh_interpreter" time="0.842" /><testcase classname="plaidcloud.utilities.tests.test_sqlalchemy_functions.TestTypedStagingImportCol" name="test_same_tree_swaps_modes_without_cache_leakage" time="0.004" /><testcase classname="plaidcloud.utilities.tests.test_sqlalchemy_functions.TestZfill" name="test_zfill" time="0.001" /><testcase classname="plaidcloud.utilities.tests.test_sqlalchemy_functions.TestZfill" name="test_zfill_char" time="0.001" /><testcase classname="plaidcloud.utilities.tests.test_sqlalchemy_functions.TestNormalizeWhitespace" name="test_normalize_whitespace" time="0.001" /><testcase classname="plaidcloud.utilities.tests.test_sqlalchemy_functions.TestLeft" name="test_left" time="0.001" /><testcase classname="plaidcloud.utilities.tests.test_sqlalchemy_functions.TestSliceString" name="test_slice_string" time="0.001" /><testcase classname="plaidcloud.utilities.tests.test_sqlalchemy_functions.TestSliceString" name="test_slice_string_neg_count" time="0.001" /><testcase classname="plaidcloud.utilities.tests.test_sqlalchemy_functions.TestSliceString" name="test_slice_string_neg_start" time="0.001" /><testcase classname="plaidcloud.utilities.tests.test_sqlalchemy_functions.TestSliceString" name="test_slice_string_neg_start_neg_count" time="0.001" /><testcase classname="plaidcloud.utilities.tests.test_sqlalchemy_functions.TestSliceString" name="test_slice_string_neg_start_none" time="0.001" /><testcase classname="plaidcloud.utilities.tests.test_sqlalchemy_functions.TestSliceString" name="test_slice_string_neg_start_pos_count" time="0.001" /><testcase classname="plaidcloud.utilities.tests.test_sqlalchemy_functions.TestSliceString" name="test_slice_string_none" time="0.001" /><testcase classname="plaidcloud.utilities.tests.test_sqlalchemy_functions.TestSliceString" name="test_slice_string_none_start" time="0.001" /><testcase classname="plaidcloud.utilities.tests.test_sqlalchemy_functions.TestSliceString" name="test_slice_string_none_start_neg_count" time="0.001" /><testcase classname="plaidcloud.utilities.tests.test_sqlalchemy_functions.TestSliceString" name="test_slice_string_none_start_none" time="0.001" /><testcase classname="plaidcloud.utilities.tests.test_sqlalchemy_functions.TestSliceString" name="test_slice_string_none_start_pos_count" time="0.001" /><testcase classname="plaidcloud.utilities.tests.test_sqlalchemy_functions.TestSliceString" name="test_slice_string_pos_count" time="0.001" /><testcase classname="plaidcloud.utilities.tests.test_sqlalchemy_functions.TestDateAdd" name="test_date_add" time="0.001" /><testcase classname="plaidcloud.utilities.tests.test_sqlalchemy_functions.TestDateAdd" name="test_date_add_no_params" time="0.001" /><testcase classname="plaidcloud.utilities.tests.test_sqlalchemy_functions.TestDateAddStarrocks" name="test_date_add" time="0.001" /><testcase classname="plaidcloud.utilities.tests.test_sqlalchemy_functions.TestDateAddStarrocks" name="test_date_add_no_params" time="0.001" /><testcase classname="plaidcloud.utilities.tests.test_sqlalchemy_functions.TestDateAddStarrocks" name="test_date_add_weeks_and_days" time="0.001" /><testcase classname="plaidcloud.utilities.tests.test_sqlalchemy_functions.TestTransactionTimestamp" name="test_transaction_timestamp" time="0.001" /><testcase classname="plaidcloud.utilities.tests.test_sqlalchemy_functions.TestStrpos" name="test_strpos" time="0.001" /><testcase classname="plaidcloud.utilities.tests.test_sqlalchemy_functions.TestStringToArray" name="test_string_to_array" time="0.001" /><testcase classname="plaidcloud.utilities.tests.test_sqlalchemy_functions.TestToNumber" name="test_to_number" time="0.001" /><testcase classname="plaidcloud.utilities.tests.test_sqlalchemy_functions.TestLTrim" name="test_ltrim_plain" time="0.001" /><testcase classname="plaidcloud.utilities.tests.test_sqlalchemy_functions.TestLTrim" name="test_ltrim_specific" time="0.001" /><testcase classname="plaidcloud.utilities.tests.test_sqlalchemy_functions.TestRTrim" name="test_rtrim_plain" time="0.001" /><testcase classname="plaidcloud.utilities.tests.test_sqlalchemy_functions.TestRTrim" name="test_rtrim_specific" time="0.001" /><testcase classname="plaidcloud.utilities.tests.test_sqlalchemy_functions.TestTrim" name="test_trim_plain" time="0.001" /><testcase classname="plaidcloud.utilities.tests.test_sqlalchemy_functions.TestTrim" name="test_trim_specific" time="0.001" /><testcase classname="plaidcloud.utilities.tests.test_sqlalchemy_functions.TestToChar" name="test_to_char_date" time="0.001" /><testcase classname="plaidcloud.utilities.tests.test_sqlalchemy_functions.TestToChar" name="test_to_char_date_i" time="0.001" /><testcase classname="plaidcloud.utilities.tests.test_sqlalchemy_functions.TestToChar" name="test_to_char_number" time="0.001" /><testcase classname="plaidcloud.utilities.tests.test_sqlalchemy_functions.TestToChar" name="test_to_char_time" time="0.001" /><testcase classname="plaidcloud.utilities.tests.test_sqlalchemy_functions.TestSafeToDate" name="test_to_date" time="0.001" /><testcase classname="plaidcloud.utilities.tests.test_sqlalchemy_functions.TestSafeToDate" name="test_to_date_specifier" time="0.001" /><testcase classname="plaidcloud.utilities.tests.test_sqlalchemy_functions.TestSafeToDate" name="test_to_date_specifier_python" time="0.001" /><testcase classname="plaidcloud.utilities.tests.test_sqlalchemy_functions.TestSafeToDateDB" name="test_to_date" time="0.001" /><testcase classname="plaidcloud.utilities.tests.test_sqlalchemy_functions.TestSafeToDateDB" name="test_to_date_specifier" time="0.001" /><testcase classname="plaidcloud.utilities.tests.test_sqlalchemy_functions.TestSafeToDateDB" name="test_to_date_specifier_postgres" time="0.001" /><testcase classname="plaidcloud.utilities.tests.test_sqlalchemy_functions.TestSafeToDateSR" name="test_to_date" time="0.001" /><testcase classname="plaidcloud.utilities.tests.test_sqlalchemy_functions.TestSafeToDateSR" name="test_to_date_specifier" time="0.001" /><testcase classname="plaidcloud.utilities.tests.test_sqlalchemy_functions.TestSafeToDateSR" name="test_to_date_specifier_postgres" time="0.001" /><testcase classname="plaidcloud.utilities.tests.test_sqlalchemy_functions.TestSafeExtract" name="test_extract_datetime" time="0.001" /><testcase classname="plaidcloud.utilities.tests.test_sqlalchemy_functions.TestSafeExtract" name="test_extract_sql_date" time="0.001" /><testcase classname="plaidcloud.utilities.tests.test_sqlalchemy_functions.TestSafeExtract" name="test_extract_sql_datetime" time="0.001" /><testcase classname="plaidcloud.utilities.tests.test_sqlalchemy_functions.TestSafeExtractDB" name="test_extract_datetime" time="0.001" /><testcase classname="plaidcloud.utilities.tests.test_sqlalchemy_functions.TestSafeExtractDB" name="test_extract_sql_date" time="0.001" /><testcase classname="plaidcloud.utilities.tests.test_sqlalchemy_functions.TestSafeExtractDB" name="test_extract_sql_datetime" time="0.001" /><testcase classname="plaidcloud.utilities.tests.test_sqlalchemy_functions.TestSafeRound" name="test_round" time="0.001" /><testcase classname="plaidcloud.utilities.tests.test_sqlalchemy_functions.TestSafeRound" name="test_round_2dp" time="0.001" /><testcase classname="plaidcloud.utilities.tests.test_sqlalchemy_functions.TestSafeRoundSR" name="test_round_2dp" time="0.001" /><testcase classname="plaidcloud.utilities.tests.test_sqlalchemy_functions.TestSafeDivide" name="test_safe_divide" time="0.004" /><testcase classname="plaidcloud.utilities.tests.test_sqlalchemy_functions.TestSafeDivideSR" name="test_safe_divide" time="0.001" /><testcase classname="plaidcloud.utilities.tests.test_sqlalchemy_functions.TestPostgresToSnowflakeDateFormat" name="test_composite_formats" time="0.002" /><testcase classname="plaidcloud.utilities.tests.test_sqlalchemy_functions.TestPostgresToSnowflakeDateFormat" name="test_each_supported_token" time="0.002" /><testcase classname="plaidcloud.utilities.tests.test_sqlalchemy_functions.TestPostgresToSnowflakeDateFormat" name="test_each_unsupported_token_raises" time="0.001" /><testcase classname="plaidcloud.utilities.tests.test_sqlalchemy_functions.TestPostgresToSnowflakeDateFormat" name="test_every_documented_conversion_table_token_is_handled" time="0.003" /><testcase classname="plaidcloud.utilities.tests.test_sqlalchemy_functions.TestPostgresToSnowflakeDateFormat" name="test_iso_week_composite_raises" time="0.000" /><testcase classname="plaidcloud.utilities.tests.test_sqlalchemy_functions.TestPostgresToSnowflakeDateFormat" name="test_unknown_text_passes_through" time="0.000" /><testcase classname="plaidcloud.utilities.tests.test_sqlalchemy_functions.TestPostgresToSnowflakeDateFormat" name="test_unterminated_quote_passes_through" time="0.000" /><testcase classname="plaidcloud.utilities.tests.test_sqlalchemy_functions.TestGeneratedFunctionPickling" name="test_generated_functions_are_pickleable" time="0.005" /><testcase classname="plaidcloud.utilities.tests.test_sqlalchemy_functions.TestConverterRenamesDatabend" name="test_add_days_preserved" time="0.001" /><testcase classname="plaidcloud.utilities.tests.test_sqlalchemy_functions.TestConverterRenamesDatabend" name="test_date_diff_preserved" time="0.001" /><testcase classname="plaidcloud.utilities.tests.test_sqlalchemy_functions.TestConverterRenamesDatabend" name="test_modulo_preserved" time="0.001" /><testcase classname="plaidcloud.utilities.tests.test_sqlalchemy_functions.TestConverterRenamesDatabend" name="test_ord_preserved" time="0.001" /><testcase classname="plaidcloud.utilities.tests.test_sqlalchemy_functions.TestConverterRenamesDatabend" name="test_regexp_instr_preserved" time="0.001" /><testcase classname="plaidcloud.utilities.tests.test_sqlalchemy_functions.TestConverterRenamesDatabend" name="test_regexp_substr_preserved" time="0.001" /><testcase classname="plaidcloud.utilities.tests.test_sqlalchemy_functions.TestConverterRenamesDatabend" name="test_to_string_preserved" time="0.001" /><testcase classname="plaidcloud.utilities.tests.test_sqlalchemy_functions.TestConverterRenamesDatabend" name="test_to_year_preserved" time="0.001" /><testcase classname="plaidcloud.utilities.tests.test_sqlalchemy_functions.TestConverterRenamesDatabend" name="test_today_preserved" time="0.001" /><testcase classname="plaidcloud.utilities.tests.test_sqlalchemy_functions.TestConverterRenamesDatabend" name="test_try_to_float64_preserved" time="0.001" /><testcase classname="plaidcloud.utilities.tests.test_sqlalchemy_functions.TestConverterRenamesStarrocks" name="test_add_family_reverses_word_order" time="0.001" /><testcase classname="plaidcloud.utilities.tests.test_sqlalchemy_functions.TestConverterRenamesStarrocks" name="test_date_diff_becomes_unit_diff_with_swapped_args" time="0.001" /><testcase classname="plaidcloud.utilities.tests.test_sqlalchemy_functions.TestConverterRenamesStarrocks" name="test_datetime_extractors_become_mysql_names" time="0.001" /><testcase classname="plaidcloud.utilities.tests.test_sqlalchemy_functions.TestConverterRenamesStarrocks" name="test_modulo_becomes_mod" time="0.001" /><testcase classname="plaidcloud.utilities.tests.test_sqlalchemy_functions.TestConverterRenamesStarrocks" name="test_ord_becomes_ascii" time="0.001" /><testcase classname="plaidcloud.utilities.tests.test_sqlalchemy_functions.TestConverterRenamesStarrocks" name="test_regexp_instr_becomes_regexp" time="0.001" /><testcase classname="plaidcloud.utilities.tests.test_sqlalchemy_functions.TestConverterRenamesStarrocks" name="test_regexp_substr_becomes_regexp_extract" time="0.001" /><testcase classname="plaidcloud.utilities.tests.test_sqlalchemy_functions.TestConverterRenamesStarrocks" name="test_to_string_casts_to_char" time="0.001" /><testcase classname="plaidcloud.utilities.tests.test_sqlalchemy_functions.TestConverterRenamesStarrocks" name="test_to_string_with_decimals_rounds_under_literal_binds" time="0.001" /><testcase classname="plaidcloud.utilities.tests.test_sqlalchemy_functions.TestConverterRenamesStarrocks" name="test_today_becomes_current_date" time="0.001" /><testcase classname="plaidcloud.utilities.tests.test_sqlalchemy_functions.TestConverterRenamesStarrocks" name="test_try_to_float64_casts_to_double" time="0.001" /><testcase classname="plaidcloud.utilities.tests.test_sqlalchemy_functions.TestConverterRenamesSnowflake" name="test_add_family_becomes_dateadd" time="0.001" /><testcase classname="plaidcloud.utilities.tests.test_sqlalchemy_functions.TestConverterRenamesSnowflake" name="test_datetime_extractors_become_snowflake_names" time="0.001" /><testcase classname="plaidcloud.utilities.tests.test_sqlalchemy_functions.TestConverterRenamesSnowflake" name="test_modulo_becomes_mod" time="0.001" /><testcase classname="plaidcloud.utilities.tests.test_sqlalchemy_functions.TestConverterRenamesSnowflake" name="test_ord_becomes_ascii" time="0.001" /><testcase classname="plaidcloud.utilities.tests.test_sqlalchemy_functions.TestConverterRenamesSnowflake" name="test_regexp_instr_is_native" time="0.001" /><testcase classname="plaidcloud.utilities.tests.test_sqlalchemy_functions.TestConverterRenamesSnowflake" name="test_today_becomes_current_date" time="0.001" /><testcase classname="plaidcloud.utilities.tests.test_sqlalchemy_functions.TestToCharStarrocks" name="test_to_char_date" time="0.001" /><testcase classname="plaidcloud.utilities.tests.test_sqlalchemy_functions.TestToCharStarrocks" name="test_to_char_no_format_casts_to_char" time="0.001" /><testcase classname="plaidcloud.utilities.tests.test_sqlalchemy_functions.TestToCharStarrocks" name="test_to_char_number_casts_to_char" time="0.001" /><testcase classname="plaidcloud.utilities.tests.test_sqlalchemy_functions.TestStarrocksDateFormatValues" name="test_import_col_timestamp" time="0.003" /><testcase classname="plaidcloud.utilities.tests.test_sqlalchemy_functions.TestStarrocksDateFormatValues" name="test_to_char_renders_the_minute" time="0.001" /><testcase classname="plaidcloud.utilities.tests.test_sqlalchemy_functions.TestStarrocksDateFormatValues" name="test_to_char_renders_the_month_name" time="0.001" /><testcase classname="plaidcloud.utilities.tests.test_sqlalchemy_functions.TestStarrocksDateFormatValues" name="test_to_date_drops_the_time_part" time="0.002" /><testcase classname="plaidcloud.utilities.tests.test_sqlalchemy_functions.TestStarrocksDateFormatValues" name="test_to_date_keeps_the_time_part_of_a_custom_format" time="0.002" /><testcase classname="plaidcloud.utilities.tests.test_sqlalchemy_functions.TestStarrocksDateFormatValues" name="test_to_timestamp_default_format" time="0.002" /><testcase classname="plaidcloud.utilities.tests.test_sqlalchemy_functions.TestStarrocksDateFormatValues" name="test_to_timestamp_postgres_iso_format" time="0.001" /><testcase classname="plaidcloud.utilities.tests.test_sqlalchemy_functions.TestStarrocksDateFormatValues" name="test_to_timestamp_python_iso_format" time="0.001" /><testcase classname="plaidcloud.utilities.tests.test_sqlalchemy_functions.TestStarrocksDateFormatValues" name="test_to_timestamp_twelve_hour_format" time="0.003" /><testcase classname="plaidcloud.utilities.tests.test_sqlalchemy_functions.TestStarrocksDateFormatValues" name="test_unsupported_token_raises" time="0.001" /><testcase classname="plaidcloud.utilities.tests.test_sqlalchemy_functions.TestToNumberStarrocks" name="test_to_number_casts_to_decimal" time="0.001" /><testcase classname="plaidcloud.utilities.tests.test_sqlalchemy_functions.TestToNumberDatabendUnchanged" name="test_to_number_still_to_int64" time="0.001" /><testcase classname="plaidcloud.utilities.tests.test_sqlalchemy_functions.TestTransactionTimestampStarrocks" name="test_transaction_timestamp_is_now" time="0.001" /><testcase classname="plaidcloud.utilities.tests.test_sqlalchemy_functions.TestStringToArrayStarrocks" name="test_string_to_array_split" time="0.001" /><testcase classname="plaidcloud.utilities.tests.test_sqlalchemy_functions.TestOnlyAsciiStarrocks" name="test_only_ascii_three_arg" time="0.001" /><testcase classname="plaidcloud.utilities.tests.test_sqlalchemy_functions.TestNormalizeWhitespaceStarrocks" name="test_normalize_whitespace_three_arg_x_escapes" time="0.001" /><testcase classname="plaidcloud.utilities.tests.test_sqlalchemy_functions.TestGeomFunctionsDatabend" name="test_translatable_render_databend_names" time="0.002" /><testcase classname="plaidcloud.utilities.tests.test_sqlalchemy_functions.TestGeomFunctionsDatabend" name="test_unsupported_still_render_on_databend" time="0.002" /><testcase classname="plaidcloud.utilities.tests.test_sqlalchemy_functions.TestGeomFunctionsStarrocks" name="test_translatable_render_starrocks_names" time="0.002" /><testcase classname="plaidcloud.utilities.tests.test_sqlalchemy_functions.TestGeomFunctionsStarrocks" name="test_unsupported_raise_compile_error" time="0.002" /><testcase classname="plaidcloud.utilities.tests.test_sqlalchemy_functions.TestUuidCast" name="test_all_case_variants_map_to_guidhyphens" time="0.001" /><testcase classname="plaidcloud.utilities.tests.test_sqlalchemy_functions.TestUuidCast" name="test_bind_is_hyphenated_on_non_native_dialect" time="0.001" /><testcase classname="plaidcloud.utilities.tests.test_sqlalchemy_functions.TestUuidCast" name="test_uuid_cast_compiles" time="0.001" /><testcase classname="plaidcloud.utilities.tests.test_sqlalchemy_functions.TestUuidCastDatabend" name="test_all_case_variants_map_to_guidhyphens" time="0.001" /><testcase classname="plaidcloud.utilities.tests.test_sqlalchemy_functions.TestUuidCastDatabend" name="test_bind_is_hyphenated_on_non_native_dialect" time="0.001" /><testcase classname="plaidcloud.utilities.tests.test_sqlalchemy_functions.TestUuidCastDatabend" name="test_uuid_cast_compiles" time="0.001" /><testcase classname="plaidcloud.utilities.tests.test_sqlalchemy_functions.TestUuidCastStarrocks" name="test_all_case_variants_map_to_guidhyphens" time="0.001" /><testcase classname="plaidcloud.utilities.tests.test_sqlalchemy_functions.TestUuidCastStarrocks" name="test_bind_is_hyphenated_on_non_native_dialect" time="0.001" /><testcase classname="plaidcloud.utilities.tests.test_sqlalchemy_functions.TestUuidCastStarrocks" name="test_uuid_cast_compiles" time="0.001" /><testcase classname="plaidcloud.utilities.tests.test_sqlalchemy_functions.TestElapsedSeconds" name="test_elapsed_seconds" time="0.001" /><testcase classname="plaidcloud.utilities.tests.test_sqlalchemy_functions.TestElapsedSecondsDatabend" name="test_elapsed_seconds" time="0.001" /><testcase classname="plaidcloud.utilities.tests.test_sqlalchemy_functions.TestElapsedSecondsStarrocks" name="test_elapsed_seconds" time="0.001" /><testcase classname="plaidcloud.utilities.tests.test_sqlalchemy_functions.TestElapsedSecondsSnowflake" name="test_elapsed_seconds" time="0.001" /><testcase classname="plaidcloud.utilities.tests.test_sqlalchemy_functions.TestImportColSnowflake" name="test_import_cast_boolean" time="0.001" /><testcase classname="plaidcloud.utilities.tests.test_sqlalchemy_functions.TestImportColSnowflake" name="test_import_cast_currency" time="0.001" /><testcase classname="plaidcloud.utilities.tests.test_sqlalchemy_functions.TestImportColSnowflake" name="test_import_cast_date" time="0.001" /><testcase classname="plaidcloud.utilities.tests.test_sqlalchemy_functions.TestImportColSnowflake" name="test_import_cast_integer" time="0.001" /><testcase classname="plaidcloud.utilities.tests.test_sqlalchemy_functions.TestImportColSnowflake" name="test_import_cast_interval_raises" time="0.001" /><testcase classname="plaidcloud.utilities.tests.test_sqlalchemy_functions.TestImportColSnowflake" name="test_import_cast_numeric_trailing_negatives" time="0.001" /><testcase classname="plaidcloud.utilities.tests.test_sqlalchemy_functions.TestImportColSnowflake" name="test_import_cast_time" time="0.001" /><testcase classname="plaidcloud.utilities.tests.test_sqlalchemy_functions.TestImportColSnowflake" name="test_import_col_numeric" time="0.002" /><testcase classname="plaidcloud.utilities.tests.test_sqlalchemy_functions.TestImportColSnowflake" name="test_import_col_text" time="0.001" /><testcase classname="plaidcloud.utilities.tests.test_sqlalchemy_functions.TestSafeToDateSnowflake" name="test_to_date" time="0.001" /><testcase classname="plaidcloud.utilities.tests.test_sqlalchemy_functions.TestSafeToDateSnowflake" name="test_to_date_specifier" time="0.001" /><testcase classname="plaidcloud.utilities.tests.test_sqlalchemy_functions.TestSafeToDateSnowflake" name="test_to_date_specifier_python" time="0.001" /><testcase classname="plaidcloud.utilities.tests.test_sqlalchemy_functions.TestSafeToDateSnowflake" name="test_to_date_unsupported_token_raises" time="0.001" /><testcase classname="plaidcloud.utilities.tests.test_sqlalchemy_functions.TestSafeToTimestampSnowflake" name="test_to_timestamp_python_format" time="0.001" /><testcase classname="plaidcloud.utilities.tests.test_sqlalchemy_functions.TestSafeToTimestampSnowflake" name="test_to_timestamp_single_arg" time="0.001" /><testcase classname="plaidcloud.utilities.tests.test_sqlalchemy_functions.TestSafeToTimestampSnowflake" name="test_to_timestamp_translates_bare_hh" time="0.001" /><testcase classname="plaidcloud.utilities.tests.test_sqlalchemy_functions.TestDateAddSnowflake" name="test_date_add" time="0.001" /><testcase classname="plaidcloud.utilities.tests.test_sqlalchemy_functions.TestDateAddSnowflake" name="test_date_add_no_params" time="0.001" /><testcase classname="plaidcloud.utilities.tests.test_sqlalchemy_functions.TestDateAddSnowflake" name="test_date_add_weeks_and_days" time="0.001" /><testcase classname="plaidcloud.utilities.tests.test_sqlalchemy_functions.TestDateDiffSnowflake" name="test_date_diff_same_direction_no_swap" time="0.001" /><testcase classname="plaidcloud.utilities.tests.test_sqlalchemy_functions.TestDateDiffSnowflake" name="test_date_diff_unknown_unit_falls_through" time="0.001" /><testcase classname="plaidcloud.utilities.tests.test_sqlalchemy_functions.TestNumericize" name="test_numericize" time="0.001" /><testcase classname="plaidcloud.utilities.tests.test_sqlalchemy_functions.TestNumericizeDatabend" name="test_numericize" time="0.001" /><testcase classname="plaidcloud.utilities.tests.test_sqlalchemy_functions.TestNumericizeStarrocks" name="test_numericize" time="0.001" /><testcase classname="plaidcloud.utilities.tests.test_sqlalchemy_functions.TestNumericizeSnowflake" name="test_numericize" time="0.001" /><testcase classname="plaidcloud.utilities.tests.test_sqlalchemy_functions.TestOnlyAsciiSnowflake" name="test_only_ascii_literal_range_class" time="0.001" /><testcase classname="plaidcloud.utilities.tests.test_sqlalchemy_functions.TestNormalizeWhitespaceSnowflake" name="test_normalize_whitespace_literal_char_class" time="0.001" /><testcase classname="plaidcloud.utilities.tests.test_sqlalchemy_functions.TestTrimFamilySnowflake" name="test_ltrim_plain" time="0.001" /><testcase classname="plaidcloud.utilities.tests.test_sqlalchemy_functions.TestTrimFamilySnowflake" name="test_ltrim_specific" time="0.001" /><testcase classname="plaidcloud.utilities.tests.test_sqlalchemy_functions.TestTrimFamilySnowflake" name="test_rtrim_specific" time="0.001" /><testcase classname="plaidcloud.utilities.tests.test_sqlalchemy_functions.TestTrimFamilySnowflake" name="test_trim_specific" time="0.001" /><testcase classname="plaidcloud.utilities.tests.test_sqlalchemy_functions.TestStrposSnowflake" name="test_strpos_becomes_charindex" time="0.001" /><testcase classname="plaidcloud.utilities.tests.test_sqlalchemy_functions.TestStringToArraySnowflake" name="test_string_to_array_split" time="0.001" /><testcase classname="plaidcloud.utilities.tests.test_sqlalchemy_functions.TestSafeDivideSnowflake" name="test_safe_divide" time="0.001" /><testcase classname="plaidcloud.utilities.tests.test_sqlalchemy_functions.TestIntegerizeTruncate" name="test_integerize_truncate" time="0.001" /><testcase classname="plaidcloud.utilities.tests.test_sqlalchemy_functions.TestIntegerizeTruncateDatabend" name="test_integerize_truncate" time="0.001" /><testcase classname="plaidcloud.utilities.tests.test_sqlalchemy_functions.TestIntegerizeTruncateSnowflake" name="test_integerize_truncate_keeps_decimals_for_trunc" time="0.001" /><testcase classname="plaidcloud.utilities.tests.test_sqlalchemy_functions.TestToNumberSnowflake" name="test_to_number_pins_precision_and_scale" time="0.001" /><testcase classname="plaidcloud.utilities.tests.test_sqlalchemy_functions.TestToCharSnowflake" name="test_to_char_date" time="0.001" /><testcase classname="plaidcloud.utilities.tests.test_sqlalchemy_functions.TestToCharSnowflake" name="test_to_char_iso_week_raises" time="0.001" /><testcase classname="plaidcloud.utilities.tests.test_sqlalchemy_functions.TestToCharSnowflake" name="test_to_char_no_format" time="0.001" /><testcase classname="plaidcloud.utilities.tests.test_sqlalchemy_functions.TestToCharSnowflake" name="test_to_char_number" time="0.001" /><testcase classname="plaidcloud.utilities.tests.test_sqlalchemy_functions.TestToCharSnowflake" name="test_to_char_time" time="0.001" /><testcase classname="plaidcloud.utilities.tests.test_sqlalchemy_functions.TestToStringSnowflake" name="test_to_string_becomes_to_varchar" time="0.001" /><testcase classname="plaidcloud.utilities.tests.test_sqlalchemy_functions.TestToStringSnowflake" name="test_to_string_with_decimals_rounds_under_literal_binds" time="0.001" /><testcase classname="plaidcloud.utilities.tests.test_sqlalchemy_functions.TestTryToFloat64Snowflake" name="test_try_to_float64_becomes_try_to_double" time="0.001" /><testcase classname="plaidcloud.utilities.tests.test_sqlalchemy_functions.TestTransactionTimestampSnowflake" name="test_transaction_timestamp_is_current_timestamp" time="0.001" /><testcase classname="plaidcloud.utilities.tests.test_sqlalchemy_functions.TestQuantiles" name="test_default_renderings" time="0.001" /><testcase classname="plaidcloud.utilities.tests.test_sqlalchemy_functions.TestQuantilesDatabend" name="test_default_renderings" time="0.001" /><testcase classname="plaidcloud.utilities.tests.test_sqlalchemy_functions.TestQuantilesSnowflake" name="test_quantile_cont_within_group" time="0.001" /><testcase classname="plaidcloud.utilities.tests.test_sqlalchemy_functions.TestQuantilesSnowflake" name="test_quantile_disc_within_group" time="0.001" /><testcase classname="plaidcloud.utilities.tests.test_sqlalchemy_functions.TestQuantilesSnowflake" name="test_quantile_tdigest_becomes_approx_percentile" time="0.001" /><testcase classname="plaidcloud.utilities.tests.test_sqlalchemy_functions.TestQuantilesSnowflake" name="test_quantile_tdigest_weighted_raises" time="0.001" /><testcase classname="plaidcloud.utilities.tests.test_sqlalchemy_functions.TestMetricMultiplySnowflake" name="test_metric_multiply_raises" time="0.001" /><testcase classname="plaidcloud.utilities.tests.test_sqlalchemy_functions.TestSnowflakeDefaultOk" name="test_members_have_no_snowflake_variant" time="0.001" /><testcase classname="plaidcloud.utilities.tests.test_sqlalchemy_functions.TestSnowflakeDefaultOk" name="test_regexp_substr_default_on_snowflake" time="0.001" /><testcase classname="plaidcloud.utilities.tests.test_sqlalchemy_functions.TestSnowflakeDefaultOk" name="test_safe_extract_default_on_snowflake" time="0.001" /><testcase classname="plaidcloud.utilities.tests.test_sqlalchemy_functions.TestAlteryxDialectAdditions" name="test_any_becomes_any_value" time="0.001" /><testcase classname="plaidcloud.utilities.tests.test_sqlalchemy_functions.TestAlteryxDialectAdditions" name="test_array_tail_becomes_array_slice" time="0.001" /><testcase classname="plaidcloud.utilities.tests.test_sqlalchemy_functions.TestAlteryxDialectAdditions" name="test_array_to_string_becomes_array_join" time="0.001" /><testcase classname="plaidcloud.utilities.tests.test_sqlalchemy_functions.TestAlteryxDialectAdditions" name="test_fixed_char_and_uuid_casts_are_unchanged" time="0.001" /><testcase classname="plaidcloud.utilities.tests.test_sqlalchemy_functions.TestAlteryxDialectAdditions" name="test_median_becomes_percentile_cont" time="0.001" /><testcase classname="plaidcloud.utilities.tests.test_sqlalchemy_functions.TestAlteryxDialectAdditions" name="test_mode_becomes_approx_top_k" time="0.001" /><testcase classname="plaidcloud.utilities.tests.test_sqlalchemy_functions.TestAlteryxDialectAdditions" name="test_mode_within_group_form_raises_on_starrocks" time="0.001" /><testcase classname="plaidcloud.utilities.tests.test_sqlalchemy_functions.TestAlteryxDialectAdditions" name="test_non_string_casts_are_unchanged" time="0.001" /><testcase classname="plaidcloud.utilities.tests.test_sqlalchemy_functions.TestAlteryxDialectAdditions" name="test_string_agg_becomes_group_concat_with_separator_clause" time="0.001" /><testcase classname="plaidcloud.utilities.tests.test_sqlalchemy_functions.TestAlteryxDialectAdditions" name="test_string_agg_without_separator" time="0.001" /><testcase classname="plaidcloud.utilities.tests.test_sqlalchemy_functions.TestAlteryxDialectAdditions" name="test_string_cast_renders_string_not_char" time="0.001" /><testcase classname="plaidcloud.utilities.tests.test_sqlalchemy_functions.TestAlteryxDialectAdditions" name="test_titlecase_becomes_initcap" time="0.001" /><testcase classname="plaidcloud.utilities.tests.test_sqlalchemy_functions.TestStringCastOtherDialects" name="test_databend_string_cast_unchanged" time="0.001" /><testcase classname="plaidcloud.utilities.tests.test_sqlalchemy_functions.TestAlteryxDialectAdditionsDatabend" name="test_array_tail_renders_slice_on_databend" time="0.001" /><testcase classname="plaidcloud.utilities.tests.test_sqlalchemy_functions.TestAlteryxDialectAdditionsDatabend" name="test_median_renders_native_on_databend" time="0.001" /><testcase classname="plaidcloud.utilities.tests.test_sqlalchemy_functions.TestAlteryxDialectAdditionsDatabend" name="test_mode_renders_native_on_databend" time="0.001" /><testcase classname="plaidcloud.utilities.tests.test_sqlalchemy_functions.TestAlteryxDialectAdditionsDatabend" name="test_mode_within_group_renders_native_on_databend" time="0.001" /><testcase classname="plaidcloud.utilities.tests.test_sqlalchemy_functions.TestAlteryxDialectAdditionsDatabend" name="test_string_agg_without_separator_databend" time="0.001" /><testcase classname="plaidcloud.utilities.tests.test_sqlalchemy_functions.TestAlteryxDialectAdditionsDatabend" name="test_titlecase_raises_on_databend" time="0.001" /><testcase classname="plaidcloud.utilities.tests.test_sqlalchemy_functions.TestTitlecaseUnspecializedDialect" name="test_raises_on_a_dialect_without_a_specialization" time="0.000" /><testcase classname="plaidcloud.utilities.tests.test_sqlalchemy_functions.TestStarrocksUnterminatedLiteral" name="test_unterminated_quote_raises_rather_than_dropping_the_tail" time="0.000" /></testsuite></testsuites>