<?xml version="1.0" encoding="utf-8"?><testsuites name="pytest tests"><testsuite name="pytest" errors="0" failures="3" skipped="0" tests="64" time="1.359" timestamp="2026-05-18T10:57:14.767694-05:00" hostname="plaid-hat.local"><testcase classname="plaidcloud.utilities.tests.test_sqlalchemy_functions.TestImportCol" name="test_import_col_interval" time="0.108" /><testcase classname="plaidcloud.utilities.tests.test_sqlalchemy_functions.TestImportCol" name="test_import_col_numeric" time="0.001" /><testcase classname="plaidcloud.utilities.tests.test_sqlalchemy_functions.TestImportCol" name="test_import_col_numeric_trailing_negatives" time="0.001" /><testcase classname="plaidcloud.utilities.tests.test_sqlalchemy_functions.TestImportCol" name="test_import_col_text" time="0.000" /><testcase classname="plaidcloud.utilities.tests.test_sqlalchemy_functions.TestImportColDatabend" name="test_import_col_interval" time="0.737" /><testcase classname="plaidcloud.utilities.tests.test_sqlalchemy_functions.TestImportColDatabend" name="test_import_col_numeric" time="0.001" /><testcase classname="plaidcloud.utilities.tests.test_sqlalchemy_functions.TestImportColDatabend" name="test_import_col_numeric_trailing_negatives" time="0.001" /><testcase classname="plaidcloud.utilities.tests.test_sqlalchemy_functions.TestImportColDatabend" name="test_import_col_text" time="0.001" /><testcase classname="plaidcloud.utilities.tests.test_sqlalchemy_functions.TestImportColStarrocks" name="test_import_col_interval" time="0.174"><failure message="AssertionError: 'CASE[17 chars]lace(to_string(%(import_col_1)s), %(regexp_rep[97 chars] END' != 'CASE[17 chars]lace(CAST(%(import_col_1)s AS VARCHAR), %(rege[103 chars] END'&#10;- CASE WHEN (regexp_replace(to_string(%(import_col_1)s), %(regexp_replace_1)s, %(regexp_replace_2)s) = %(regexp_replace_3)s) THEN NULL ELSE %(import_col_1)s::interval END&#10;?                           ^^^^^^^^^&#10;+ CASE WHEN (regexp_replace(CAST(%(import_col_1)s AS VARCHAR), %(regexp_replace_1)s, %(regexp_replace_2)s) = %(regexp_replace_3)s) THEN NULL ELSE %(import_col_1)s::interval END&#10;?                           ^^^^                 +++++++++++">Traceback (most recent call last):
  File "/opt/homebrew/Cellar/python@3.13/3.13.1/Frameworks/Python.framework/Versions/3.13/lib/python3.13/unittest/case.py", line 58, in testPartExecutor
    yield
  File "/opt/homebrew/Cellar/python@3.13/3.13.1/Frameworks/Python.framework/Versions/3.13/lib/python3.13/unittest/case.py", line 651, in run
    self._callTestMethod(testMethod)
    ~~~~~~~~~~~~~~~~~~~~^^^^^^^^^^^^
  File "/opt/homebrew/Cellar/python@3.13/3.13.1/Frameworks/Python.framework/Versions/3.13/lib/python3.13/unittest/case.py", line 606, in _callTestMethod
    if method() is not None:
       ~~~~~~^^
  File "/private/tmp/wt-util-288/plaidcloud/utilities/tests/test_sqlalchemy_functions.py", line 76, in test_import_col_interval
    self.assertEqual(('CASE WHEN (regexp_replace(to_string(%(import_col_1)s), %(regexp_replace_1)s, %(regexp_replace_2)s) = %(regexp_replace_3)s) '
    ~~~~~~~~~~~~~~~~^^^^^^^^^^^^^^^^^^^^^^^^^^^^^^^^^^^^^^^^^^^^^^^^^^^^^^^^^^^^^^^^^^^^^^^^^^^^^^^^^^^^^^^^^^^^^^^^^^^^^^^^^^^^^^^^^^^^^^^^^^^^^^^
                     'THEN NULL ELSE %(import_col_1)s::interval END'), str(compiled))
                     ^^^^^^^^^^^^^^^^^^^^^^^^^^^^^^^^^^^^^^^^^^^^^^^^^^^^^^^^^^^^^^^^
  File "/opt/homebrew/Cellar/python@3.13/3.13.1/Frameworks/Python.framework/Versions/3.13/lib/python3.13/unittest/case.py", line 907, in assertEqual
    assertion_func(first, second, msg=msg)
    ~~~~~~~~~~~~~~^^^^^^^^^^^^^^^^^^^^^^^^
  File "/opt/homebrew/Cellar/python@3.13/3.13.1/Frameworks/Python.framework/Versions/3.13/lib/python3.13/unittest/case.py", line 1273, in assertMultiLineEqual
    self.fail(self._formatMessage(msg, standardMsg))
    ~~~~~~~~~^^^^^^^^^^^^^^^^^^^^^^^^^^^^^^^^^^^^^^^
  File "/opt/homebrew/Cellar/python@3.13/3.13.1/Frameworks/Python.framework/Versions/3.13/lib/python3.13/unittest/case.py", line 732, in fail
    raise self.failureException(msg)
AssertionError: 'CASE[17 chars]lace(to_string(%(import_col_1)s), %(regexp_rep[97 chars] END' != 'CASE[17 chars]lace(CAST(%(import_col_1)s AS VARCHAR), %(rege[103 chars] END'
- CASE WHEN (regexp_replace(to_string(%(import_col_1)s), %(regexp_replace_1)s, %(regexp_replace_2)s) = %(regexp_replace_3)s) THEN NULL ELSE %(import_col_1)s::interval END
?                           ^^^^^^^^^
+ CASE WHEN (regexp_replace(CAST(%(import_col_1)s AS VARCHAR), %(regexp_replace_1)s, %(regexp_replace_2)s) = %(regexp_replace_3)s) THEN NULL ELSE %(import_col_1)s::interval END
?                           ^^^^                 +++++++++++</failure></testcase><testcase classname="plaidcloud.utilities.tests.test_sqlalchemy_functions.TestImportColStarrocks" name="test_import_col_numeric" time="0.003"><failure message="AssertionError: 'CASE[17 chars]lace(to_string(%(import_col_1)s), %(regexp_rep[119 chars] END' != 'CASE[17 chars]lace(CAST(%(import_col_1)s AS VARCHAR), %(rege[125 chars] END'&#10;- CASE WHEN (regexp_replace(to_string(%(import_col_1)s), %(regexp_replace_1)s, %(regexp_replace_2)s) = %(regexp_replace_3)s) THEN %(param_1)s ELSE CAST(%(import_col_1)s AS DECIMAL(38, 10)) END&#10;?                           ^^^^^^^^^&#10;+ CASE WHEN (regexp_replace(CAST(%(import_col_1)s AS VARCHAR), %(regexp_replace_1)s, %(regexp_replace_2)s) = %(regexp_replace_3)s) THEN %(param_1)s ELSE CAST(%(import_col_1)s AS DECIMAL(38, 10)) END&#10;?                           ^^^^                 +++++++++++">Traceback (most recent call last):
  File "/opt/homebrew/Cellar/python@3.13/3.13.1/Frameworks/Python.framework/Versions/3.13/lib/python3.13/unittest/case.py", line 58, in testPartExecutor
    yield
  File "/opt/homebrew/Cellar/python@3.13/3.13.1/Frameworks/Python.framework/Versions/3.13/lib/python3.13/unittest/case.py", line 651, in run
    self._callTestMethod(testMethod)
    ~~~~~~~~~~~~~~~~~~~~^^^^^^^^^^^^
  File "/opt/homebrew/Cellar/python@3.13/3.13.1/Frameworks/Python.framework/Versions/3.13/lib/python3.13/unittest/case.py", line 606, in _callTestMethod
    if method() is not None:
       ~~~~~~^^
  File "/private/tmp/wt-util-288/plaidcloud/utilities/tests/test_sqlalchemy_functions.py", line 171, in test_import_col_numeric
    self.assertEqual(('CASE WHEN (regexp_replace(to_string(%(import_col_1)s), %(regexp_replace_1)s, %(regexp_replace_2)s) = %(regexp_replace_3)s) '
    ~~~~~~~~~~~~~~~~^^^^^^^^^^^^^^^^^^^^^^^^^^^^^^^^^^^^^^^^^^^^^^^^^^^^^^^^^^^^^^^^^^^^^^^^^^^^^^^^^^^^^^^^^^^^^^^^^^^^^^^^^^^^^^^^^^^^^^^^^^^^^^^
                      'THEN %(param_1)s ELSE CAST(%(import_col_1)s AS DECIMAL(38, 10)) END'), str(compiled))
                      ^^^^^^^^^^^^^^^^^^^^^^^^^^^^^^^^^^^^^^^^^^^^^^^^^^^^^^^^^^^^^^^^^^^^^^^^^^^^^^^^^^^^^^
  File "/opt/homebrew/Cellar/python@3.13/3.13.1/Frameworks/Python.framework/Versions/3.13/lib/python3.13/unittest/case.py", line 907, in assertEqual
    assertion_func(first, second, msg=msg)
    ~~~~~~~~~~~~~~^^^^^^^^^^^^^^^^^^^^^^^^
  File "/opt/homebrew/Cellar/python@3.13/3.13.1/Frameworks/Python.framework/Versions/3.13/lib/python3.13/unittest/case.py", line 1273, in assertMultiLineEqual
    self.fail(self._formatMessage(msg, standardMsg))
    ~~~~~~~~~^^^^^^^^^^^^^^^^^^^^^^^^^^^^^^^^^^^^^^^
  File "/opt/homebrew/Cellar/python@3.13/3.13.1/Frameworks/Python.framework/Versions/3.13/lib/python3.13/unittest/case.py", line 732, in fail
    raise self.failureException(msg)
AssertionError: 'CASE[17 chars]lace(to_string(%(import_col_1)s), %(regexp_rep[119 chars] END' != 'CASE[17 chars]lace(CAST(%(import_col_1)s AS VARCHAR), %(rege[125 chars] END'
- CASE WHEN (regexp_replace(to_string(%(import_col_1)s), %(regexp_replace_1)s, %(regexp_replace_2)s) = %(regexp_replace_3)s) THEN %(param_1)s ELSE CAST(%(import_col_1)s AS DECIMAL(38, 10)) END
?                           ^^^^^^^^^
+ CASE WHEN (regexp_replace(CAST(%(import_col_1)s AS VARCHAR), %(regexp_replace_1)s, %(regexp_replace_2)s) = %(regexp_replace_3)s) THEN %(param_1)s ELSE CAST(%(import_col_1)s AS DECIMAL(38, 10)) END
?                           ^^^^                 +++++++++++</failure></testcase><testcase classname="plaidcloud.utilities.tests.test_sqlalchemy_functions.TestImportColStarrocks" name="test_import_col_numeric_trailing_negatives" time="0.003"><failure message="AssertionError: 'CASE[17 chars]lace(to_string(%(import_col_1)s), %(regexp_rep[122 chars] END' != 'CASE[17 chars]lace(CAST(%(import_col_1)s AS VARCHAR), %(rege[116 chars] END'&#10;Diff is 764 characters long. Set self.maxDiff to None to see it.">Traceback (most recent call last):
  File "/opt/homebrew/Cellar/python@3.13/3.13.1/Frameworks/Python.framework/Versions/3.13/lib/python3.13/unittest/case.py", line 58, in testPartExecutor
    yield
  File "/opt/homebrew/Cellar/python@3.13/3.13.1/Frameworks/Python.framework/Versions/3.13/lib/python3.13/unittest/case.py", line 651, in run
    self._callTestMethod(testMethod)
    ~~~~~~~~~~~~~~~~~~~~^^^^^^^^^^^^
  File "/opt/homebrew/Cellar/python@3.13/3.13.1/Frameworks/Python.framework/Versions/3.13/lib/python3.13/unittest/case.py", line 606, in _callTestMethod
    if method() is not None:
       ~~~~~~^^
  File "/private/tmp/wt-util-288/plaidcloud/utilities/tests/test_sqlalchemy_functions.py", line 64, in test_import_col_numeric_trailing_negatives
    self.assertEqual(('CASE WHEN (regexp_replace(to_string(%(import_col_1)s), %(regexp_replace_1)s, %(regexp_replace_2)s) = %(regexp_replace_3)s) '
    ~~~~~~~~~~~~~~~~^^^^^^^^^^^^^^^^^^^^^^^^^^^^^^^^^^^^^^^^^^^^^^^^^^^^^^^^^^^^^^^^^^^^^^^^^^^^^^^^^^^^^^^^^^^^^^^^^^^^^^^^^^^^^^^^^^^^^^^^^^^^^^^
                    'THEN %(param_1)s ELSE to_number(%(import_col_1)s, %(to_number_1)s) END'), str(compiled))
                    ^^^^^^^^^^^^^^^^^^^^^^^^^^^^^^^^^^^^^^^^^^^^^^^^^^^^^^^^^^^^^^^^^^^^^^^^^^^^^^^^^^^^^^^^^
  File "/opt/homebrew/Cellar/python@3.13/3.13.1/Frameworks/Python.framework/Versions/3.13/lib/python3.13/unittest/case.py", line 907, in assertEqual
    assertion_func(first, second, msg=msg)
    ~~~~~~~~~~~~~~^^^^^^^^^^^^^^^^^^^^^^^^
  File "/opt/homebrew/Cellar/python@3.13/3.13.1/Frameworks/Python.framework/Versions/3.13/lib/python3.13/unittest/case.py", line 1273, in assertMultiLineEqual
    self.fail(self._formatMessage(msg, standardMsg))
    ~~~~~~~~~^^^^^^^^^^^^^^^^^^^^^^^^^^^^^^^^^^^^^^^
  File "/opt/homebrew/Cellar/python@3.13/3.13.1/Frameworks/Python.framework/Versions/3.13/lib/python3.13/unittest/case.py", line 732, in fail
    raise self.failureException(msg)
AssertionError: 'CASE[17 chars]lace(to_string(%(import_col_1)s), %(regexp_rep[122 chars] END' != 'CASE[17 chars]lace(CAST(%(import_col_1)s AS VARCHAR), %(rege[116 chars] END'
Diff is 764 characters long. Set self.maxDiff to None to see it.</failure></testcase><testcase classname="plaidcloud.utilities.tests.test_sqlalchemy_functions.TestImportColStarrocks" name="test_import_col_text" time="0.001" /><testcase classname="plaidcloud.utilities.tests.test_sqlalchemy_functions.TestZfill" name="test_zfill" time="0.001" /><testcase classname="plaidcloud.utilities.tests.test_sqlalchemy_functions.TestZfill" name="test_zfill_char" time="0.001" /><testcase classname="plaidcloud.utilities.tests.test_sqlalchemy_functions.TestNormalizeWhitespace" name="test_normalize_whitespace" time="0.001" /><testcase classname="plaidcloud.utilities.tests.test_sqlalchemy_functions.TestLeft" name="test_left" time="0.000" /><testcase classname="plaidcloud.utilities.tests.test_sqlalchemy_functions.TestSliceString" name="test_slice_string" time="0.001" /><testcase classname="plaidcloud.utilities.tests.test_sqlalchemy_functions.TestSliceString" name="test_slice_string_neg_count" time="0.001" /><testcase classname="plaidcloud.utilities.tests.test_sqlalchemy_functions.TestSliceString" name="test_slice_string_neg_start" time="0.001" /><testcase classname="plaidcloud.utilities.tests.test_sqlalchemy_functions.TestSliceString" name="test_slice_string_neg_start_neg_count" time="0.001" /><testcase classname="plaidcloud.utilities.tests.test_sqlalchemy_functions.TestSliceString" name="test_slice_string_neg_start_none" time="0.001" /><testcase classname="plaidcloud.utilities.tests.test_sqlalchemy_functions.TestSliceString" name="test_slice_string_neg_start_pos_count" time="0.000" /><testcase classname="plaidcloud.utilities.tests.test_sqlalchemy_functions.TestSliceString" name="test_slice_string_none" time="0.000" /><testcase classname="plaidcloud.utilities.tests.test_sqlalchemy_functions.TestSliceString" name="test_slice_string_none_start" time="0.000" /><testcase classname="plaidcloud.utilities.tests.test_sqlalchemy_functions.TestSliceString" name="test_slice_string_none_start_neg_count" time="0.000" /><testcase classname="plaidcloud.utilities.tests.test_sqlalchemy_functions.TestSliceString" name="test_slice_string_none_start_none" time="0.000" /><testcase classname="plaidcloud.utilities.tests.test_sqlalchemy_functions.TestSliceString" name="test_slice_string_none_start_pos_count" time="0.000" /><testcase classname="plaidcloud.utilities.tests.test_sqlalchemy_functions.TestSliceString" name="test_slice_string_pos_count" time="0.000" /><testcase classname="plaidcloud.utilities.tests.test_sqlalchemy_functions.TestDateAdd" name="test_date_add" time="0.001" /><testcase classname="plaidcloud.utilities.tests.test_sqlalchemy_functions.TestDateAdd" name="test_date_add_no_params" time="0.001" /><testcase classname="plaidcloud.utilities.tests.test_sqlalchemy_functions.TestTransactionTimestamp" name="test_transaction_timestamp" time="0.000" /><testcase classname="plaidcloud.utilities.tests.test_sqlalchemy_functions.TestStrpos" name="test_strpos" time="0.000" /><testcase classname="plaidcloud.utilities.tests.test_sqlalchemy_functions.TestStringToArray" name="test_string_to_array" time="0.001" /><testcase classname="plaidcloud.utilities.tests.test_sqlalchemy_functions.TestToNumber" name="test_to_number" time="0.000" /><testcase classname="plaidcloud.utilities.tests.test_sqlalchemy_functions.TestLTrim" name="test_ltrim_plain" time="0.000" /><testcase classname="plaidcloud.utilities.tests.test_sqlalchemy_functions.TestLTrim" name="test_ltrim_specific" time="0.000" /><testcase classname="plaidcloud.utilities.tests.test_sqlalchemy_functions.TestRTrim" name="test_rtrim_plain" time="0.000" /><testcase classname="plaidcloud.utilities.tests.test_sqlalchemy_functions.TestRTrim" name="test_rtrim_specific" time="0.000" /><testcase classname="plaidcloud.utilities.tests.test_sqlalchemy_functions.TestTrim" name="test_trim_plain" time="0.000" /><testcase classname="plaidcloud.utilities.tests.test_sqlalchemy_functions.TestTrim" name="test_trim_specific" time="0.000" /><testcase classname="plaidcloud.utilities.tests.test_sqlalchemy_functions.TestToChar" name="test_to_char_date" time="0.000" /><testcase classname="plaidcloud.utilities.tests.test_sqlalchemy_functions.TestToChar" name="test_to_char_date_i" time="0.000" /><testcase classname="plaidcloud.utilities.tests.test_sqlalchemy_functions.TestToChar" name="test_to_char_number" time="0.000" /><testcase classname="plaidcloud.utilities.tests.test_sqlalchemy_functions.TestToChar" name="test_to_char_time" time="0.001" /><testcase classname="plaidcloud.utilities.tests.test_sqlalchemy_functions.TestSafeToDate" name="test_to_date" time="0.001" /><testcase classname="plaidcloud.utilities.tests.test_sqlalchemy_functions.TestSafeToDate" name="test_to_date_specifier" time="0.001" /><testcase classname="plaidcloud.utilities.tests.test_sqlalchemy_functions.TestSafeToDate" name="test_to_date_specifier_python" time="0.001" /><testcase classname="plaidcloud.utilities.tests.test_sqlalchemy_functions.TestSafeToDateDB" name="test_to_date" time="0.001" /><testcase classname="plaidcloud.utilities.tests.test_sqlalchemy_functions.TestSafeToDateDB" name="test_to_date_specifier" time="0.000" /><testcase classname="plaidcloud.utilities.tests.test_sqlalchemy_functions.TestSafeToDateDB" name="test_to_date_specifier_postgres" time="0.000" /><testcase classname="plaidcloud.utilities.tests.test_sqlalchemy_functions.TestSafeToDateSR" name="test_to_date" time="0.000" /><testcase classname="plaidcloud.utilities.tests.test_sqlalchemy_functions.TestSafeToDateSR" name="test_to_date_specifier" time="0.000" /><testcase classname="plaidcloud.utilities.tests.test_sqlalchemy_functions.TestSafeToDateSR" name="test_to_date_specifier_postgres" time="0.001" /><testcase classname="plaidcloud.utilities.tests.test_sqlalchemy_functions.TestSafeExtract" name="test_extract_datetime" time="0.000" /><testcase classname="plaidcloud.utilities.tests.test_sqlalchemy_functions.TestSafeExtract" name="test_extract_sql_date" time="0.000" /><testcase classname="plaidcloud.utilities.tests.test_sqlalchemy_functions.TestSafeExtract" name="test_extract_sql_datetime" time="0.000" /><testcase classname="plaidcloud.utilities.tests.test_sqlalchemy_functions.TestSafeExtractDB" name="test_extract_datetime" time="0.000" /><testcase classname="plaidcloud.utilities.tests.test_sqlalchemy_functions.TestSafeExtractDB" name="test_extract_sql_date" time="0.000" /><testcase classname="plaidcloud.utilities.tests.test_sqlalchemy_functions.TestSafeExtractDB" name="test_extract_sql_datetime" time="0.001" /><testcase classname="plaidcloud.utilities.tests.test_sqlalchemy_functions.TestSafeRound" name="test_round" time="0.000" /><testcase classname="plaidcloud.utilities.tests.test_sqlalchemy_functions.TestSafeRound" name="test_round_2dp" time="0.000" /><testcase classname="plaidcloud.utilities.tests.test_sqlalchemy_functions.TestSafeRoundSR" name="test_round_2dp" time="0.000" /><testcase classname="plaidcloud.utilities.tests.test_sqlalchemy_functions.TestSafeDivide" name="test_safe_divide" time="0.001" /><testcase classname="plaidcloud.utilities.tests.test_sqlalchemy_functions.TestSafeDivideSR" name="test_safe_divide" time="0.001" /></testsuite></testsuites>